#
# A fatal error has been detected by the Java Runtime Environment:
#
#  EXCEPTION_ACCESS_VIOLATION (0xc0000005) at pc=0x00007ffa2e9e2a5c, pid=7680, tid=2756
#
# JRE version: Java(TM) SE Runtime Environment (21.0.2+13) (build 21.0.2+13-LTS-58)
# Java VM: Java HotSpot(TM) 64-Bit Server VM (21.0.2+13-LTS-58, mixed mode, tiered, compressed oops, compressed class ptrs, g1 gc, windows-amd64)
# Problematic frame:
# C  [OpenCL.dll+0x2a5c]
#
# No core dump will be written. Minidumps are not enabled by default on client versions of Windows
#
# If you would like to submit a bug report, please visit:
#   https://bugreport.java.com/bugreport/crash.jsp
# The crash happened outside the Java Virtual Machine in native code.
# See problematic frame for where to report the bug.
#

---------------  S U M M A R Y ------------

Command Line: -javaagent:C:\eclipse\eclipse\configuration\org.eclipse.osgi\960\0\.cp\jacocoagent.jar=includes=*,excludes=,exclclassloader=sun.reflect.DelegatingClassLoader,output=tcpclient,port=57299 -ea --add-opens=chav1961.bt.openclmatrix/chav1961.bt.matrix.internal=ALL-UNNAMED --add-modules=ALL-MODULE-PATH -Dfile.encoding=UTF-8 -Dstdout.encoding=UTF-8 -Dstderr.encoding=UTF-8 --module-path=C:\Users\achernomyrdin\ws\bt\bt.matrix\target\classes;C:\Users\achernomyrdin\.m2\repository\org\jocl\jocl\2.0.5\jocl-2.0.5.jar;C:\Users\achernomyrdin\ws\purelib\target\classes -XX:+ShowCodeDetailsInExceptionMessages --patch-module=chav1961.bt.openclmatrix=C:\Users\achernomyrdin\ws\bt\bt.matrix\target\test-classes --add-reads=chav1961.bt.openclmatrix=ALL-UNNAMED --add-reads=chav1961.purelib=ALL-UNNAMED org.eclipse.jdt.internal.junit.runner.RemoteTestRunner -version 3 -port 57300 -testLoaderClass org.eclipse.jdt.internal.junit4.runner.JUnit4TestLoader -loaderpluginname org.eclipse.jdt.junit4.runtime -classNames chav1961.bt.matrix.internal.AllTests

Host: Intel(R) Core(TM) i7-4770 CPU @ 3.40GHz, 8 cores, 15G,  Windows 10 , 64 bit Build 18362 (10.0.18362.2037)
Time: Wed Oct 30 09:40:55 2024 Russia TZ 4 Standard Time elapsed time: 2.493838 seconds (0d 0h 0m 2s)

---------------  T H R E A D  ---------------

Current thread (0x0000026ceb11a540):  JavaThread "Thread-18" daemon [_thread_in_native, id=2756, stack(0x0000007f4e300000,0x0000007f4e400000) (1024K)]

Stack: [0x0000007f4e300000,0x0000007f4e400000],  sp=0x0000007f4e3feba8,  free space=1018k
Native frames: (J=compiled Java code, j=interpreted, Vv=VM code, C=native code)
C  [OpenCL.dll+0x2a5c]

Java frames: (J=compiled Java code, j=interpreted, Vv=VM code)
j  org.jocl.CL.clEnqueueReadBufferNative(Lorg/jocl/cl_command_queue;Lorg/jocl/cl_mem;ZJJLorg/jocl/Pointer;I[Lorg/jocl/cl_event;Lorg/jocl/cl_event;)I+0 jocl@2.0.5
j  org.jocl.CL.clEnqueueReadBuffer(Lorg/jocl/cl_command_queue;Lorg/jocl/cl_mem;ZJJLorg/jocl/Pointer;I[Lorg/jocl/cl_event;Lorg/jocl/cl_event;)I+30 jocl@2.0.5
j  chav1961.bt.openclmatrix.internal.GPUBufferImpl.uploadInt(Lchav1961/bt/openclmatrix/internal/GPUExecutor$TemporaryBuffer;)V+79 chav1961.bt.openclmatrix
j  chav1961.bt.openclmatrix.internal.GPUBufferImpl.lambda$11(Lchav1961/bt/openclmatrix/internal/GPUExecutor$GPUEvent;Lchav1961/purelib/matrix/interfaces/Matrix$Type;Lchav1961/bt/openclmatrix/internal/GPUExecutor$TemporaryBuffer;)V+84 chav1961.bt.openclmatrix
j  chav1961.bt.openclmatrix.internal.GPUBufferImpl$$Lambda+0x00000007c01809b0.run()V+16 chav1961.bt.openclmatrix
j  java.lang.Thread.runWith(Ljava/lang/Object;Ljava/lang/Runnable;)V+5 java.base@21.0.2
j  java.lang.Thread.run()V+19 java.base@21.0.2
v  ~StubRoutines::call_stub 0x0000026cca3e100d

siginfo: EXCEPTION_ACCESS_VIOLATION (0xc0000005), reading address 0x0000000000000180


Registers:
RAX=0x0000000000400000, RBX=0x0000026ceb11a8f8, RCX=0x0000026ce0cae7a0, RDX=0x0000026ceab36190
RSP=0x0000007f4e3feba8, RBP=0x0000000000000000, RSI=0x0000000000000000, RDI=0x0000000000000000
R8 =0x0000000000000001, R9 =0x0000000000000000, R10=0x0000000000000000, R11=0x0000007f4e3feaf0
R12=0x00000006c6800010, R13=0x0000000000000001, R14=0x0000026ceab36190, R15=0x0000026ce0cae7a0
RIP=0x00007ffa2e9e2a5c, EFLAGS=0x0000000000010206


Register to memory mapping:

RAX=0x0000000000400000 is an unknown value
RBX=0x0000026ceb11a8f8 points into unknown readable memory: 0x00007ff9cd88e600 | 00 e6 88 cd f9 7f 00 00
RCX=0x0000026ce0cae7a0 points into unknown readable memory: 0x0000000000000000 | 00 00 00 00 00 00 00 00
RDX=0x0000026ceab36190 points into unknown readable memory: 0x0000000000000000 | 00 00 00 00 00 00 00 00
RSP=0x0000007f4e3feba8 is pointing into the stack for thread: 0x0000026ceb11a540
RBP=0x0 is null
RSI=0x0 is null
RDI=0x0 is null
R8 =0x0000000000000001 is an unknown value
R9 =0x0 is null
R10=0x0 is null
R11=0x0000007f4e3feaf0 is pointing into the stack for thread: 0x0000026ceb11a540
R12=0x00000006c6800010 is pointing into object: [I 
{0x00000006c6800000} - klass: {type array int}
 - length: 1048576
R13=0x0000000000000001 is an unknown value
R14=0x0000026ceab36190 points into unknown readable memory: 0x0000000000000000 | 00 00 00 00 00 00 00 00
R15=0x0000026ce0cae7a0 points into unknown readable memory: 0x0000000000000000 | 00 00 00 00 00 00 00 00

Top of Stack: (sp=0x0000007f4e3feba8)
0x0000007f4e3feba8:   00007ffa2ea68b17 0000007f4e3fed70
0x0000007f4e3febb8:   00007ffa2ea86130 0000007f4e3fed00
0x0000007f4e3febc8:   0000007f4e3fed68 0000000000400000
0x0000007f4e3febd8:   00000006c6800010 0000007f00000000
0x0000007f4e3febe8:   0000000000000000 0000000000000000
0x0000007f4e3febf8:   0000000000000000 0000000000000000
0x0000007f4e3fec08:   0000026ce0091710 0000026ceb11a540
0x0000007f4e3fec18:   0000007f4e3fed70 0000000000000110
0x0000007f4e3fec28:   0000007f4e3fed00 0000026cdbcd62c8
0x0000007f4e3fec38:   0000026cca3ecdab 00000000000000b3
0x0000007f4e3fec48:   0000000000000000 0000026cdbcd62c8
0x0000007f4e3fec58:   0000026cdbc9a890 0000000000000001
0x0000007f4e3fec68:   0000000000000000 0000000000400000
0x0000007f4e3fec78:   0000007f4e3fed38 0000026c00000000
0x0000007f4e3fec88:   0000000000000000 0000000000000000
0x0000007f4e3fec98:   0000000000000001 00000006cf2b51d8
0x0000007f4e3feca8:   0000007f4e3feca8 0000026cdbc99cf5
0x0000007f4e3fecb8:   0000007f4e3fecb8 0000000000000000
0x0000007f4e3fecc8:   000000000000000e 0000026cdbcddf00
0x0000007f4e3fecd8:   0000000000000000 00000006cf200028
0x0000007f4e3fece8:   0000026cdbcd62c8 0000000000000000
0x0000007f4e3fecf8:   0000007f4e3fed20 0000007f4e3fedc0
0x0000007f4e3fed08:   0000026cca3e895c 00000006cf200028
0x0000007f4e3fed18:   0000026cca3ea355 0000000000000000
0x0000007f4e3fed28:   0000000000000000 0000000000000000
0x0000007f4e3fed38:   00000006d0a926e0 0000000000400000
0x0000007f4e3fed48:   0000000000000000 0000000000000000
0x0000007f4e3fed58:   0000000000000000 0000000000000001
0x0000007f4e3fed68:   00000006d0f69830 00000006d0f49da0
0x0000007f4e3fed78:   0000007f4e3fed78 0000026cdbcd60be
0x0000007f4e3fed88:   0000000000000010 0000026cdbcddf00
0x0000007f4e3fed98:   0000026cdbf1ba30 00000006cf200028 

Instructions: (pc=0x00007ffa2e9e2a5c)
0x00007ffa2e9e295c:   cc cc cc cc 85 c9 74 1d 48 85 d2 74 18 48 8b 02
0x00007ffa2e9e296c:   48 85 c0 75 06 b8 c6 ff ff ff c3 48 8b 00 48 ff
0x00007ffa2e9e297c:   a0 48 01 00 00 b8 e2 ff ff ff c3 cc cc cc cc cc
0x00007ffa2e9e298c:   cc cc cc cc 48 85 c9 75 04 8d 41 c6 c3 4c 8b 11
0x00007ffa2e9e299c:   49 ff a2 50 01 00 00 cc cc cc cc cc cc cc cc cc
0x00007ffa2e9e29ac:   cc cc cc cc 48 85 c9 75 04 8d 41 c6 c3 48 8b 01
0x00007ffa2e9e29bc:   48 ff a0 58 01 00 00 cc cc cc cc cc cc cc cc cc
0x00007ffa2e9e29cc:   cc cc cc cc 48 85 c9 75 04 8d 41 c6 c3 48 8b 01
0x00007ffa2e9e29dc:   48 ff a0 60 01 00 00 cc cc cc cc cc cc cc cc cc
0x00007ffa2e9e29ec:   cc cc cc cc 48 85 c9 75 04 8d 41 c6 c3 4c 8b 11
0x00007ffa2e9e29fc:   49 ff a2 68 01 00 00 cc cc cc cc cc cc cc cc cc
0x00007ffa2e9e2a0c:   cc cc cc cc 48 85 c9 75 04 8d 41 dc c3 48 8b 01
0x00007ffa2e9e2a1c:   48 ff a0 70 01 00 00 cc cc cc cc cc cc cc cc cc
0x00007ffa2e9e2a2c:   cc cc cc cc 48 85 c9 75 04 8d 41 dc c3 48 8b 01
0x00007ffa2e9e2a3c:   48 ff a0 78 01 00 00 cc cc cc cc cc cc cc cc cc
0x00007ffa2e9e2a4c:   cc cc cc cc 48 85 c9 75 04 8d 41 dc c3 4c 8b 11
0x00007ffa2e9e2a5c:   49 ff a2 80 01 00 00 cc cc cc cc cc cc cc cc cc
0x00007ffa2e9e2a6c:   cc cc cc cc 48 85 c9 75 04 8d 41 dc c3 4c 8b 11
0x00007ffa2e9e2a7c:   49 ff a2 88 01 00 00 cc cc cc cc cc cc cc cc cc
0x00007ffa2e9e2a8c:   cc cc cc cc 48 85 c9 75 04 8d 41 dc c3 4c 8b 11
0x00007ffa2e9e2a9c:   49 ff a2 90 01 00 00 cc cc cc cc cc cc cc cc cc
0x00007ffa2e9e2aac:   cc cc cc cc 48 85 c9 75 04 8d 41 dc c3 4c 8b 11
0x00007ffa2e9e2abc:   49 ff a2 98 01 00 00 cc cc cc cc cc cc cc cc cc
0x00007ffa2e9e2acc:   cc cc cc cc 48 85 c9 75 04 8d 41 dc c3 4c 8b 11
0x00007ffa2e9e2adc:   49 ff a2 a0 01 00 00 cc cc cc cc cc cc cc cc cc
0x00007ffa2e9e2aec:   cc cc cc cc 48 85 c9 75 04 8d 41 dc c3 4c 8b 11
0x00007ffa2e9e2afc:   49 ff a2 a8 01 00 00 cc cc cc cc cc cc cc cc cc
0x00007ffa2e9e2b0c:   cc cc cc cc 48 85 c9 75 04 8d 41 dc c3 4c 8b 11
0x00007ffa2e9e2b1c:   49 ff a2 b0 01 00 00 cc cc cc cc cc cc cc cc cc
0x00007ffa2e9e2b2c:   cc cc cc cc 48 85 c9 75 04 8d 41 dc c3 4c 8b 11
0x00007ffa2e9e2b3c:   49 ff a2 b8 01 00 00 cc cc cc cc cc cc cc cc cc
0x00007ffa2e9e2b4c:   cc cc cc cc 48 8b 44 24 50 48 85 c9 75 0e 48 85 


Stack slot to memory mapping:

stack at sp + 0 slots: 0x00007ffa2ea68b17 JOCL_2_0_5-windows-x86_64.dll
stack at sp + 1 slots: 0x0000007f4e3fed70 is pointing into the stack for thread: 0x0000026ceb11a540
stack at sp + 2 slots: 0x00007ffa2ea86130 JOCL_2_0_5-windows-x86_64.dll
stack at sp + 3 slots: 0x0000007f4e3fed00 is pointing into the stack for thread: 0x0000026ceb11a540
stack at sp + 4 slots: 0x0000007f4e3fed68 is pointing into the stack for thread: 0x0000026ceb11a540
stack at sp + 5 slots: 0x0000000000400000 is an unknown value
stack at sp + 6 slots: 0x00000006c6800010 is pointing into object: [I 
{0x00000006c6800000} - klass: {type array int}
 - length: 1048576
stack at sp + 7 slots: 0x0000007f00000000 is an unknown value


---------------  P R O C E S S  ---------------

Threads class SMR info:
_java_thread_list=0x0000026ce0d4b150, length=14, elements={
0x0000026cb918a570, 0x0000026cda460340, 0x0000026cda460da0, 0x0000026cda4560e0,
0x0000026cda457b50, 0x0000026cda479d30, 0x0000026cda47a790, 0x0000026cda4512d0,
0x0000026cda452180, 0x0000026cda5259f0, 0x0000026cda7dda20, 0x0000026cdf4a4010,
0x0000026cdf6c1b20, 0x0000026ceb11a540
}

Java Threads: ( => current thread )
  0x0000026cb918a570 JavaThread "main"                              [_thread_in_native, id=2516, stack(0x0000007f4a600000,0x0000007f4a700000) (1024K)]
  0x0000026cda460340 JavaThread "Reference Handler"          daemon [_thread_blocked, id=13556, stack(0x0000007f4ae00000,0x0000007f4af00000) (1024K)]
  0x0000026cda460da0 JavaThread "Finalizer"                  daemon [_thread_blocked, id=1648, stack(0x0000007f4af00000,0x0000007f4b000000) (1024K)]
  0x0000026cda4560e0 JavaThread "Signal Dispatcher"          daemon [_thread_blocked, id=15764, stack(0x0000007f4b000000,0x0000007f4b100000) (1024K)]
  0x0000026cda457b50 JavaThread "Attach Listener"            daemon [_thread_blocked, id=8704, stack(0x0000007f4b100000,0x0000007f4b200000) (1024K)]
  0x0000026cda479d30 JavaThread "Service Thread"             daemon [_thread_blocked, id=13900, stack(0x0000007f4b200000,0x0000007f4b300000) (1024K)]
  0x0000026cda47a790 JavaThread "Monitor Deflation Thread"   daemon [_thread_blocked, id=6472, stack(0x0000007f4b300000,0x0000007f4b400000) (1024K)]
  0x0000026cda4512d0 JavaThread "C2 CompilerThread0"         daemon [_thread_blocked, id=6888, stack(0x0000007f4b400000,0x0000007f4b500000) (1024K)]
  0x0000026cda452180 JavaThread "C1 CompilerThread0"         daemon [_thread_blocked, id=96, stack(0x0000007f4b500000,0x0000007f4b600000) (1024K)]
  0x0000026cda5259f0 JavaThread "Common-Cleaner"             daemon [_thread_blocked, id=8336, stack(0x0000007f4b600000,0x0000007f4b700000) (1024K)]
  0x0000026cda7dda20 JavaThread "org.jacoco.agent.rt.internal_aeaf9ab.output.TcpClientOutput" daemon [_thread_in_native, id=14816, stack(0x0000007f4b800000,0x0000007f4b900000) (1024K)]
  0x0000026cdf4a4010 JavaThread "Notification Thread"        daemon [_thread_blocked, id=11416, stack(0x0000007f4b900000,0x0000007f4ba00000) (1024K)]
  0x0000026cdf6c1b20 JavaThread "ReaderThread"                      [_thread_in_native, id=6384, stack(0x0000007f4bf00000,0x0000007f4c000000) (1024K)]
=>0x0000026ceb11a540 JavaThread "Thread-18"                  daemon [_thread_in_native, id=2756, stack(0x0000007f4e300000,0x0000007f4e400000) (1024K)]
Total: 14

Other Threads:
  0x0000026cda3f0e90 VMThread "VM Thread"                           [id=6192, stack(0x0000007f4ad00000,0x0000007f4ae00000) (1024K)]
  0x0000026cda36c2e0 WatcherThread "VM Periodic Task Thread"        [id=7112, stack(0x0000007f4ac00000,0x0000007f4ad00000) (1024K)]
  0x0000026cb92f5040 WorkerThread "GC Thread#0"                     [id=2124, stack(0x0000007f4a700000,0x0000007f4a800000) (1024K)]
  0x0000026cdf4b7f80 WorkerThread "GC Thread#1"                     [id=7548, stack(0x0000007f4ba00000,0x0000007f4bb00000) (1024K)]
  0x0000026cdf593410 WorkerThread "GC Thread#2"                     [id=15224, stack(0x0000007f4bb00000,0x0000007f4bc00000) (1024K)]
  0x0000026cdf5937b0 WorkerThread "GC Thread#3"                     [id=10736, stack(0x0000007f4bc00000,0x0000007f4bd00000) (1024K)]
  0x0000026cdf403990 WorkerThread "GC Thread#4"                     [id=13432, stack(0x0000007f4bd00000,0x0000007f4be00000) (1024K)]
  0x0000026cdf403d30 WorkerThread "GC Thread#5"                     [id=6020, stack(0x0000007f4be00000,0x0000007f4bf00000) (1024K)]
  0x0000026ce08679f0 WorkerThread "GC Thread#6"                     [id=13120, stack(0x0000007f4e400000,0x0000007f4e500000) (1024K)]
  0x0000026cb9307780 ConcurrentGCThread "G1 Main Marker"            [id=12552, stack(0x0000007f4a800000,0x0000007f4a900000) (1024K)]
  0x0000026cb9308180 WorkerThread "G1 Conc#0"                       [id=9544, stack(0x0000007f4a900000,0x0000007f4aa00000) (1024K)]
  0x0000026cda22f160 ConcurrentGCThread "G1 Refine#0"               [id=13280, stack(0x0000007f4aa00000,0x0000007f4ab00000) (1024K)]
  0x0000026cda22fae0 ConcurrentGCThread "G1 Service"                [id=376, stack(0x0000007f4ab00000,0x0000007f4ac00000) (1024K)]
Total: 13

Threads with active compile tasks:
Total: 0

VM state: not at safepoint (normal execution)

VM Mutex/Monitor currently owned by a thread: None

Heap address: 0x00000006c1000000, size: 4080 MB, Compressed Oops mode: Zero based, Oop shift amount: 3

CDS archive(s) not mapped
Compressed class space mapped at: 0x00000007c0000000-0x0000000800000000, reserved size: 1073741824
Narrow klass base: 0x0000000000000000, Narrow klass shift: 3, Narrow klass range: 0x800000000

GC Precious Log:
 CardTable entry size: 512
 Card Set container configuration: InlinePtr #cards 4 size 8 Array Of Cards #cards 16 size 48 Howl #buckets 8 coarsen threshold 3686 Howl Bitmap #cards 512 size 80 coarsen threshold 460 Card regions per heap region 1 cards per card region 4096
 CPUs: 8 total, 8 available
 Memory: 16316M
 Large Page Support: Disabled
 NUMA Support: Disabled
 Compressed Oops: Enabled (Zero based)
 Heap Region Size: 2M
 Heap Min Capacity: 8M
 Heap Initial Capacity: 256M
 Heap Max Capacity: 4080M
 Pre-touch: Disabled
 Parallel Workers: 8
 Concurrent Workers: 2
 Concurrent Refinement Workers: 8
 Periodic GC: Disabled

Heap:
 garbage-first heap   total 262144K, used 109516K [0x00000006c1000000, 0x00000007c0000000)
  region size 2048K, 5 young (10240K), 2 survivors (4096K)
 Metaspace       used 16415K, committed 16640K, reserved 1114112K
  class space    used 1502K, committed 1600K, reserved 1048576K

Heap Regions: E=young(eden), S=young(survivor), O=old, HS=humongous(starts), HC=humongous(continues), CS=collection set, F=free, TAMS=top-at-mark-start, PB=parsable bottom
|   0|0x00000006c1000000, 0x00000006c1200000, 0x00000006c1200000|100%|HS|  |TAMS 0x00000006c1000000| PB 0x00000006c1000000| Complete 
|   1|0x00000006c1200000, 0x00000006c1400000, 0x00000006c1400000|100%|HC|  |TAMS 0x00000006c1200000| PB 0x00000006c1200000| Complete 
|   2|0x00000006c1400000, 0x00000006c1600000, 0x00000006c1600000|100%|HC|  |TAMS 0x00000006c1400000| PB 0x00000006c1400000| Complete 
|   3|0x00000006c1600000, 0x00000006c1800000, 0x00000006c1800000|100%|HS|  |TAMS 0x00000006c1600000| PB 0x00000006c1600000| Complete 
|   4|0x00000006c1800000, 0x00000006c1a00000, 0x00000006c1a00000|100%|HC|  |TAMS 0x00000006c1800000| PB 0x00000006c1800000| Complete 
|   5|0x00000006c1a00000, 0x00000006c1c00000, 0x00000006c1c00000|100%|HC|  |TAMS 0x00000006c1a00000| PB 0x00000006c1a00000| Complete 
|   6|0x00000006c1c00000, 0x00000006c1e00000, 0x00000006c1e00000|100%|HS|  |TAMS 0x00000006c1c00000| PB 0x00000006c1c00000| Complete 
|   7|0x00000006c1e00000, 0x00000006c2000000, 0x00000006c2000000|100%|HC|  |TAMS 0x00000006c1e00000| PB 0x00000006c1e00000| Complete 
|   8|0x00000006c2000000, 0x00000006c2200000, 0x00000006c2200000|100%|HC|  |TAMS 0x00000006c2000000| PB 0x00000006c2000000| Complete 
|   9|0x00000006c2200000, 0x00000006c2400000, 0x00000006c2400000|100%|HS|  |TAMS 0x00000006c2200000| PB 0x00000006c2200000| Complete 
|  10|0x00000006c2400000, 0x00000006c2600000, 0x00000006c2600000|100%|HC|  |TAMS 0x00000006c2400000| PB 0x00000006c2400000| Complete 
|  11|0x00000006c2600000, 0x00000006c2800000, 0x00000006c2800000|100%|HC|  |TAMS 0x00000006c2600000| PB 0x00000006c2600000| Complete 
|  12|0x00000006c2800000, 0x00000006c2a00000, 0x00000006c2a00000|100%|HS|  |TAMS 0x00000006c2800000| PB 0x00000006c2800000| Complete 
|  13|0x00000006c2a00000, 0x00000006c2c00000, 0x00000006c2c00000|100%|HS|  |TAMS 0x00000006c2a00000| PB 0x00000006c2a00000| Complete 
|  14|0x00000006c2c00000, 0x00000006c2e00000, 0x00000006c2e00000|100%|HC|  |TAMS 0x00000006c2c00000| PB 0x00000006c2c00000| Complete 
|  15|0x00000006c2e00000, 0x00000006c3000000, 0x00000006c3000000|100%|HC|  |TAMS 0x00000006c2e00000| PB 0x00000006c2e00000| Complete 
|  16|0x00000006c3000000, 0x00000006c3200000, 0x00000006c3200000|100%|HC|  |TAMS 0x00000006c3000000| PB 0x00000006c3000000| Complete 
|  17|0x00000006c3200000, 0x00000006c3400000, 0x00000006c3400000|100%|HC|  |TAMS 0x00000006c3200000| PB 0x00000006c3200000| Complete 
|  18|0x00000006c3400000, 0x00000006c3600000, 0x00000006c3600000|100%|HS|  |TAMS 0x00000006c3400000| PB 0x00000006c3400000| Complete 
|  19|0x00000006c3600000, 0x00000006c3800000, 0x00000006c3800000|100%|HC|  |TAMS 0x00000006c3600000| PB 0x00000006c3600000| Complete 
|  20|0x00000006c3800000, 0x00000006c3a00000, 0x00000006c3a00000|100%|HC|  |TAMS 0x00000006c3800000| PB 0x00000006c3800000| Complete 
|  21|0x00000006c3a00000, 0x00000006c3c00000, 0x00000006c3c00000|100%|HC|  |TAMS 0x00000006c3a00000| PB 0x00000006c3a00000| Complete 
|  22|0x00000006c3c00000, 0x00000006c3e00000, 0x00000006c3e00000|100%|HC|  |TAMS 0x00000006c3c00000| PB 0x00000006c3c00000| Complete 
|  23|0x00000006c3e00000, 0x00000006c4000000, 0x00000006c4000000|100%|HS|  |TAMS 0x00000006c3e00000| PB 0x00000006c3e00000| Complete 
|  24|0x00000006c4000000, 0x00000006c4200000, 0x00000006c4200000|100%|HC|  |TAMS 0x00000006c4000000| PB 0x00000006c4000000| Complete 
|  25|0x00000006c4200000, 0x00000006c4400000, 0x00000006c4400000|100%|HC|  |TAMS 0x00000006c4200000| PB 0x00000006c4200000| Complete 
|  26|0x00000006c4400000, 0x00000006c4600000, 0x00000006c4600000|100%|HC|  |TAMS 0x00000006c4400000| PB 0x00000006c4400000| Complete 
|  27|0x00000006c4600000, 0x00000006c4800000, 0x00000006c4800000|100%|HC|  |TAMS 0x00000006c4600000| PB 0x00000006c4600000| Complete 
|  28|0x00000006c4800000, 0x00000006c4a00000, 0x00000006c4a00000|100%|HS|  |TAMS 0x00000006c4800000| PB 0x00000006c4800000| Complete 
|  29|0x00000006c4a00000, 0x00000006c4c00000, 0x00000006c4c00000|100%|HC|  |TAMS 0x00000006c4a00000| PB 0x00000006c4a00000| Complete 
|  30|0x00000006c4c00000, 0x00000006c4e00000, 0x00000006c4e00000|100%|HC|  |TAMS 0x00000006c4c00000| PB 0x00000006c4c00000| Complete 
|  31|0x00000006c4e00000, 0x00000006c5000000, 0x00000006c5000000|100%|HC|  |TAMS 0x00000006c4e00000| PB 0x00000006c4e00000| Complete 
|  32|0x00000006c5000000, 0x00000006c5200000, 0x00000006c5200000|100%|HC|  |TAMS 0x00000006c5000000| PB 0x00000006c5000000| Complete 
|  33|0x00000006c5200000, 0x00000006c5400000, 0x00000006c5400000|100%|HS|  |TAMS 0x00000006c5200000| PB 0x00000006c5200000| Complete 
|  34|0x00000006c5400000, 0x00000006c5600000, 0x00000006c5600000|100%|HC|  |TAMS 0x00000006c5400000| PB 0x00000006c5400000| Complete 
|  35|0x00000006c5600000, 0x00000006c5800000, 0x00000006c5800000|100%|HC|  |TAMS 0x00000006c5600000| PB 0x00000006c5600000| Complete 
|  36|0x00000006c5800000, 0x00000006c5a00000, 0x00000006c5a00000|100%|HC|  |TAMS 0x00000006c5800000| PB 0x00000006c5800000| Complete 
|  37|0x00000006c5a00000, 0x00000006c5c00000, 0x00000006c5c00000|100%|HC|  |TAMS 0x00000006c5a00000| PB 0x00000006c5a00000| Complete 
|  38|0x00000006c5c00000, 0x00000006c5e00000, 0x00000006c5e00000|100%|HS|  |TAMS 0x00000006c5c00000| PB 0x00000006c5c00000| Complete 
|  39|0x00000006c5e00000, 0x00000006c6000000, 0x00000006c6000000|100%|HC|  |TAMS 0x00000006c5e00000| PB 0x00000006c5e00000| Complete 
|  40|0x00000006c6000000, 0x00000006c6200000, 0x00000006c6200000|100%|HC|  |TAMS 0x00000006c6000000| PB 0x00000006c6000000| Complete 
|  41|0x00000006c6200000, 0x00000006c6400000, 0x00000006c6400000|100%|HC|  |TAMS 0x00000006c6200000| PB 0x00000006c6200000| Complete 
|  42|0x00000006c6400000, 0x00000006c6600000, 0x00000006c6600000|100%|HC|  |TAMS 0x00000006c6400000| PB 0x00000006c6400000| Complete 
|  43|0x00000006c6600000, 0x00000006c6800000, 0x00000006c6800000|100%|HS|  |TAMS 0x00000006c6600000| PB 0x00000006c6600000| Complete 
|  44|0x00000006c6800000, 0x00000006c6a00000, 0x00000006c6a00000|100%|HS|  |TAMS 0x00000006c6800000| PB 0x00000006c6800000| Complete 
|  45|0x00000006c6a00000, 0x00000006c6c00000, 0x00000006c6c00000|100%|HC|  |TAMS 0x00000006c6a00000| PB 0x00000006c6a00000| Complete 
|  46|0x00000006c6c00000, 0x00000006c6e00000, 0x00000006c6e00000|100%|HC|  |TAMS 0x00000006c6c00000| PB 0x00000006c6c00000| Complete 
|  47|0x00000006c6e00000, 0x00000006c6e00000, 0x00000006c7000000|  0%| F|  |TAMS 0x00000006c6e00000| PB 0x00000006c6e00000| Untracked 
|  48|0x00000006c7000000, 0x00000006c7000000, 0x00000006c7200000|  0%| F|  |TAMS 0x00000006c7000000| PB 0x00000006c7000000| Untracked 
|  49|0x00000006c7200000, 0x00000006c7200000, 0x00000006c7400000|  0%| F|  |TAMS 0x00000006c7200000| PB 0x00000006c7200000| Untracked 
|  50|0x00000006c7400000, 0x00000006c7600000, 0x00000006c7600000|100%|HS|  |TAMS 0x00000006c7400000| PB 0x00000006c7400000| Complete 
|  51|0x00000006c7600000, 0x00000006c7800000, 0x00000006c7800000|100%|HC|  |TAMS 0x00000006c7600000| PB 0x00000006c7600000| Complete 
|  52|0x00000006c7800000, 0x00000006c7a00000, 0x00000006c7a00000|100%|HC|  |TAMS 0x00000006c7800000| PB 0x00000006c7800000| Complete 
|  53|0x00000006c7a00000, 0x00000006c7a00000, 0x00000006c7c00000|  0%| F|  |TAMS 0x00000006c7a00000| PB 0x00000006c7a00000| Untracked 
|  54|0x00000006c7c00000, 0x00000006c7c00000, 0x00000006c7e00000|  0%| F|  |TAMS 0x00000006c7c00000| PB 0x00000006c7c00000| Untracked 
|  55|0x00000006c7e00000, 0x00000006c7e00000, 0x00000006c8000000|  0%| F|  |TAMS 0x00000006c7e00000| PB 0x00000006c7e00000| Untracked 
|  56|0x00000006c8000000, 0x00000006c8000000, 0x00000006c8200000|  0%| F|  |TAMS 0x00000006c8000000| PB 0x00000006c8000000| Untracked 
|  57|0x00000006c8200000, 0x00000006c8200000, 0x00000006c8400000|  0%| F|  |TAMS 0x00000006c8200000| PB 0x00000006c8200000| Untracked 
|  58|0x00000006c8400000, 0x00000006c8400000, 0x00000006c8600000|  0%| F|  |TAMS 0x00000006c8400000| PB 0x00000006c8400000| Untracked 
|  59|0x00000006c8600000, 0x00000006c8600000, 0x00000006c8800000|  0%| F|  |TAMS 0x00000006c8600000| PB 0x00000006c8600000| Untracked 
|  60|0x00000006c8800000, 0x00000006c8800000, 0x00000006c8a00000|  0%| F|  |TAMS 0x00000006c8800000| PB 0x00000006c8800000| Untracked 
|  61|0x00000006c8a00000, 0x00000006c8a00000, 0x00000006c8c00000|  0%| F|  |TAMS 0x00000006c8a00000| PB 0x00000006c8a00000| Untracked 
|  62|0x00000006c8c00000, 0x00000006c8c00000, 0x00000006c8e00000|  0%| F|  |TAMS 0x00000006c8c00000| PB 0x00000006c8c00000| Untracked 
|  63|0x00000006c8e00000, 0x00000006c8e00000, 0x00000006c9000000|  0%| F|  |TAMS 0x00000006c8e00000| PB 0x00000006c8e00000| Untracked 
|  64|0x00000006c9000000, 0x00000006c9000000, 0x00000006c9200000|  0%| F|  |TAMS 0x00000006c9000000| PB 0x00000006c9000000| Untracked 
|  65|0x00000006c9200000, 0x00000006c9200000, 0x00000006c9400000|  0%| F|  |TAMS 0x00000006c9200000| PB 0x00000006c9200000| Untracked 
|  66|0x00000006c9400000, 0x00000006c9400000, 0x00000006c9600000|  0%| F|  |TAMS 0x00000006c9400000| PB 0x00000006c9400000| Untracked 
|  67|0x00000006c9600000, 0x00000006c9600000, 0x00000006c9800000|  0%| F|  |TAMS 0x00000006c9600000| PB 0x00000006c9600000| Untracked 
|  68|0x00000006c9800000, 0x00000006c9800000, 0x00000006c9a00000|  0%| F|  |TAMS 0x00000006c9800000| PB 0x00000006c9800000| Untracked 
|  69|0x00000006c9a00000, 0x00000006c9a00000, 0x00000006c9c00000|  0%| F|  |TAMS 0x00000006c9a00000| PB 0x00000006c9a00000| Untracked 
|  70|0x00000006c9c00000, 0x00000006c9c00000, 0x00000006c9e00000|  0%| F|  |TAMS 0x00000006c9c00000| PB 0x00000006c9c00000| Untracked 
|  71|0x00000006c9e00000, 0x00000006c9e00000, 0x00000006ca000000|  0%| F|  |TAMS 0x00000006c9e00000| PB 0x00000006c9e00000| Untracked 
|  72|0x00000006ca000000, 0x00000006ca000000, 0x00000006ca200000|  0%| F|  |TAMS 0x00000006ca000000| PB 0x00000006ca000000| Untracked 
|  73|0x00000006ca200000, 0x00000006ca200000, 0x00000006ca400000|  0%| F|  |TAMS 0x00000006ca200000| PB 0x00000006ca200000| Untracked 
|  74|0x00000006ca400000, 0x00000006ca400000, 0x00000006ca600000|  0%| F|  |TAMS 0x00000006ca400000| PB 0x00000006ca400000| Untracked 
|  75|0x00000006ca600000, 0x00000006ca600000, 0x00000006ca800000|  0%| F|  |TAMS 0x00000006ca600000| PB 0x00000006ca600000| Untracked 
|  76|0x00000006ca800000, 0x00000006ca800000, 0x00000006caa00000|  0%| F|  |TAMS 0x00000006ca800000| PB 0x00000006ca800000| Untracked 
|  77|0x00000006caa00000, 0x00000006caa00000, 0x00000006cac00000|  0%| F|  |TAMS 0x00000006caa00000| PB 0x00000006caa00000| Untracked 
|  78|0x00000006cac00000, 0x00000006cac00000, 0x00000006cae00000|  0%| F|  |TAMS 0x00000006cac00000| PB 0x00000006cac00000| Untracked 
|  79|0x00000006cae00000, 0x00000006cae00000, 0x00000006cb000000|  0%| F|  |TAMS 0x00000006cae00000| PB 0x00000006cae00000| Untracked 
|  80|0x00000006cb000000, 0x00000006cb000000, 0x00000006cb200000|  0%| F|  |TAMS 0x00000006cb000000| PB 0x00000006cb000000| Untracked 
|  81|0x00000006cb200000, 0x00000006cb200000, 0x00000006cb400000|  0%| F|  |TAMS 0x00000006cb200000| PB 0x00000006cb200000| Untracked 
|  82|0x00000006cb400000, 0x00000006cb400000, 0x00000006cb600000|  0%| F|  |TAMS 0x00000006cb400000| PB 0x00000006cb400000| Untracked 
|  83|0x00000006cb600000, 0x00000006cb600000, 0x00000006cb800000|  0%| F|  |TAMS 0x00000006cb600000| PB 0x00000006cb600000| Untracked 
|  84|0x00000006cb800000, 0x00000006cb800000, 0x00000006cba00000|  0%| F|  |TAMS 0x00000006cb800000| PB 0x00000006cb800000| Untracked 
|  85|0x00000006cba00000, 0x00000006cba00000, 0x00000006cbc00000|  0%| F|  |TAMS 0x00000006cba00000| PB 0x00000006cba00000| Untracked 
|  86|0x00000006cbc00000, 0x00000006cbc00000, 0x00000006cbe00000|  0%| F|  |TAMS 0x00000006cbc00000| PB 0x00000006cbc00000| Untracked 
|  87|0x00000006cbe00000, 0x00000006cbe00000, 0x00000006cc000000|  0%| F|  |TAMS 0x00000006cbe00000| PB 0x00000006cbe00000| Untracked 
|  88|0x00000006cc000000, 0x00000006cc000000, 0x00000006cc200000|  0%| F|  |TAMS 0x00000006cc000000| PB 0x00000006cc000000| Untracked 
|  89|0x00000006cc200000, 0x00000006cc200000, 0x00000006cc400000|  0%| F|  |TAMS 0x00000006cc200000| PB 0x00000006cc200000| Untracked 
|  90|0x00000006cc400000, 0x00000006cc400000, 0x00000006cc600000|  0%| F|  |TAMS 0x00000006cc400000| PB 0x00000006cc400000| Untracked 
|  91|0x00000006cc600000, 0x00000006cc600000, 0x00000006cc800000|  0%| F|  |TAMS 0x00000006cc600000| PB 0x00000006cc600000| Untracked 
|  92|0x00000006cc800000, 0x00000006cc800000, 0x00000006cca00000|  0%| F|  |TAMS 0x00000006cc800000| PB 0x00000006cc800000| Untracked 
|  93|0x00000006cca00000, 0x00000006cca00000, 0x00000006ccc00000|  0%| F|  |TAMS 0x00000006cca00000| PB 0x00000006cca00000| Untracked 
|  94|0x00000006ccc00000, 0x00000006ccc00000, 0x00000006cce00000|  0%| F|  |TAMS 0x00000006ccc00000| PB 0x00000006ccc00000| Untracked 
|  95|0x00000006cce00000, 0x00000006cce00000, 0x00000006cd000000|  0%| F|  |TAMS 0x00000006cce00000| PB 0x00000006cce00000| Untracked 
|  96|0x00000006cd000000, 0x00000006cd000000, 0x00000006cd200000|  0%| F|  |TAMS 0x00000006cd000000| PB 0x00000006cd000000| Untracked 
|  97|0x00000006cd200000, 0x00000006cd200000, 0x00000006cd400000|  0%| F|  |TAMS 0x00000006cd200000| PB 0x00000006cd200000| Untracked 
|  98|0x00000006cd400000, 0x00000006cd400000, 0x00000006cd600000|  0%| F|  |TAMS 0x00000006cd400000| PB 0x00000006cd400000| Untracked 
|  99|0x00000006cd600000, 0x00000006cd600000, 0x00000006cd800000|  0%| F|  |TAMS 0x00000006cd600000| PB 0x00000006cd600000| Untracked 
| 100|0x00000006cd800000, 0x00000006cd800000, 0x00000006cda00000|  0%| F|  |TAMS 0x00000006cd800000| PB 0x00000006cd800000| Untracked 
| 101|0x00000006cda00000, 0x00000006cda00000, 0x00000006cdc00000|  0%| F|  |TAMS 0x00000006cda00000| PB 0x00000006cda00000| Untracked 
| 102|0x00000006cdc00000, 0x00000006cdc00000, 0x00000006cde00000|  0%| F|  |TAMS 0x00000006cdc00000| PB 0x00000006cdc00000| Untracked 
| 103|0x00000006cde00000, 0x00000006cde00000, 0x00000006ce000000|  0%| F|  |TAMS 0x00000006cde00000| PB 0x00000006cde00000| Untracked 
| 104|0x00000006ce000000, 0x00000006ce000000, 0x00000006ce200000|  0%| F|  |TAMS 0x00000006ce000000| PB 0x00000006ce000000| Untracked 
| 105|0x00000006ce200000, 0x00000006ce200000, 0x00000006ce400000|  0%| F|  |TAMS 0x00000006ce200000| PB 0x00000006ce200000| Untracked 
| 106|0x00000006ce400000, 0x00000006ce400000, 0x00000006ce600000|  0%| F|  |TAMS 0x00000006ce400000| PB 0x00000006ce400000| Untracked 
| 107|0x00000006ce600000, 0x00000006ce600000, 0x00000006ce800000|  0%| F|  |TAMS 0x00000006ce600000| PB 0x00000006ce600000| Untracked 
| 108|0x00000006ce800000, 0x00000006ce800000, 0x00000006cea00000|  0%| F|  |TAMS 0x00000006ce800000| PB 0x00000006ce800000| Untracked 
| 109|0x00000006cea00000, 0x00000006cea00000, 0x00000006cec00000|  0%| F|  |TAMS 0x00000006cea00000| PB 0x00000006cea00000| Untracked 
| 110|0x00000006cec00000, 0x00000006cec00000, 0x00000006cee00000|  0%| F|  |TAMS 0x00000006cec00000| PB 0x00000006cec00000| Untracked 
| 111|0x00000006cee00000, 0x00000006cee00000, 0x00000006cf000000|  0%| F|  |TAMS 0x00000006cee00000| PB 0x00000006cee00000| Untracked 
| 112|0x00000006cf000000, 0x00000006cf0f30a0, 0x00000006cf200000| 47%| S|CS|TAMS 0x00000006cf000000| PB 0x00000006cf000000| Complete 
| 113|0x00000006cf200000, 0x00000006cf400000, 0x00000006cf400000|100%| S|CS|TAMS 0x00000006cf200000| PB 0x00000006cf200000| Complete 
| 114|0x00000006cf400000, 0x00000006cf400000, 0x00000006cf600000|  0%| F|  |TAMS 0x00000006cf400000| PB 0x00000006cf400000| Untracked 
| 115|0x00000006cf600000, 0x00000006cf600000, 0x00000006cf800000|  0%| F|  |TAMS 0x00000006cf600000| PB 0x00000006cf600000| Untracked 
| 116|0x00000006cf800000, 0x00000006cf800000, 0x00000006cfa00000|  0%| F|  |TAMS 0x00000006cf800000| PB 0x00000006cf800000| Untracked 
| 117|0x00000006cfa00000, 0x00000006cfa00000, 0x00000006cfc00000|  0%| F|  |TAMS 0x00000006cfa00000| PB 0x00000006cfa00000| Untracked 
| 118|0x00000006cfc00000, 0x00000006cfc00000, 0x00000006cfe00000|  0%| F|  |TAMS 0x00000006cfc00000| PB 0x00000006cfc00000| Untracked 
| 119|0x00000006cfe00000, 0x00000006cfe00000, 0x00000006d0000000|  0%| F|  |TAMS 0x00000006cfe00000| PB 0x00000006cfe00000| Untracked 
| 120|0x00000006d0000000, 0x00000006d0000000, 0x00000006d0200000|  0%| F|  |TAMS 0x00000006d0000000| PB 0x00000006d0000000| Untracked 
| 121|0x00000006d0200000, 0x00000006d0200000, 0x00000006d0400000|  0%| F|  |TAMS 0x00000006d0200000| PB 0x00000006d0200000| Untracked 
| 122|0x00000006d0400000, 0x00000006d0400000, 0x00000006d0600000|  0%| F|  |TAMS 0x00000006d0400000| PB 0x00000006d0400000| Untracked 
| 123|0x00000006d0600000, 0x00000006d0600000, 0x00000006d0800000|  0%| F|  |TAMS 0x00000006d0600000| PB 0x00000006d0600000| Untracked 
| 124|0x00000006d0800000, 0x00000006d0800000, 0x00000006d0a00000|  0%| F|  |TAMS 0x00000006d0800000| PB 0x00000006d0800000| Untracked 
| 125|0x00000006d0a00000, 0x00000006d0b245c0, 0x00000006d0c00000| 57%| E|  |TAMS 0x00000006d0a00000| PB 0x00000006d0a00000| Complete 
| 126|0x00000006d0c00000, 0x00000006d0e00000, 0x00000006d0e00000|100%| E|CS|TAMS 0x00000006d0c00000| PB 0x00000006d0c00000| Complete 
| 127|0x00000006d0e00000, 0x00000006d1000000, 0x00000006d1000000|100%| E|CS|TAMS 0x00000006d0e00000| PB 0x00000006d0e00000| Complete 

Card table byte_map: [0x0000026cd3110000,0x0000026cd3910000] _byte_map_base: 0x0000026ccfb08000

Marking Bits: (CMBitMap*) 0x0000026cb92f5640
 Bits: [0x0000026cd3910000, 0x0000026cd78d0000)

Polling page: 0x0000026cb9120000

Metaspace:

Usage:
  Non-class:     14.56 MB used.
      Class:      1.47 MB used.
       Both:     16.03 MB used.

Virtual space:
  Non-class space:       64.00 MB reserved,      14.69 MB ( 23%) committed,  1 nodes.
      Class space:        1.00 GB reserved,       1.56 MB ( <1%) committed,  1 nodes.
             Both:        1.06 GB reserved,      16.25 MB (  1%) committed. 

Chunk freelists:
   Non-Class:  754.00 KB
       Class:  14.46 MB
        Both:  15.19 MB

MaxMetaspaceSize: unlimited
CompressedClassSpaceSize: 1.00 GB
Initial GC threshold: 21.00 MB
Current GC threshold: 21.00 MB
CDS: off
 - commit_granule_bytes: 65536.
 - commit_granule_words: 8192.
 - virtual_space_node_default_size: 8388608.
 - enlarge_chunks_in_place: 1.
 - use_allocation_guard: 0.


Internal statistics:

num_allocs_failed_limit: 0.
num_arena_births: 158.
num_arena_deaths: 0.
num_vsnodes_births: 2.
num_vsnodes_deaths: 0.
num_space_committed: 260.
num_space_uncommitted: 0.
num_chunks_returned_to_freelist: 0.
num_chunks_taken_from_freelist: 308.
num_chunk_merges: 0.
num_chunk_splits: 190.
num_chunks_enlarged: 124.
num_inconsistent_stats: 0.

CodeHeap 'non-profiled nmethods': size=120000Kb used=970Kb max_used=970Kb free=119029Kb
 bounds [0x0000026cca980000, 0x0000026ccabf0000, 0x0000026cd1eb0000]
CodeHeap 'profiled nmethods': size=120000Kb used=3990Kb max_used=3990Kb free=116009Kb
 bounds [0x0000026cc2eb0000, 0x0000026cc32a0000, 0x0000026cca3e0000]
CodeHeap 'non-nmethods': size=5760Kb used=1418Kb max_used=1485Kb free=4341Kb
 bounds [0x0000026cca3e0000, 0x0000026cca650000, 0x0000026cca980000]
 total_blobs=2515 nmethods=2003 adapters=417
 compilation: enabled
              stopped_count=0, restarted_count=0
 full_count=0

Compilation events (20 events):
Event: 2.303 Thread 0x0000026cda4512d0 1962 %     4       chav1961.bt.openclmatrix.internal.TemporaryBufferImpl::read @ 168 (226 bytes)
Event: 2.307 Thread 0x0000026cea6df620 nmethod 1961 0x0000026ccaa68c90 code [0x0000026ccaa68ee0, 0x0000026ccaa6a268]
Event: 2.318 Thread 0x0000026cda4512d0 nmethod 1962% 0x0000026ccaa6aa10 code [0x0000026ccaa6abc0, 0x0000026ccaa6b4a0]
Event: 2.318 Thread 0x0000026cda4512d0 1963       4       chav1961.bt.openclmatrix.internal.TemporaryBufferImpl::read (226 bytes)
Event: 2.328 Thread 0x0000026cda452180 1964       3       java.util.HashMap::entrySet (27 bytes)
Event: 2.329 Thread 0x0000026cda452180 nmethod 1964 0x0000026cc328b910 code [0x0000026cc328bae0, 0x0000026cc328bef0]
Event: 2.329 Thread 0x0000026cda452180 1965       3       java.util.HashMap$EntrySet::iterator (12 bytes)
Event: 2.329 Thread 0x0000026cda452180 nmethod 1965 0x0000026cc328c010 code [0x0000026cc328c1c0, 0x0000026cc328c3c8]
Event: 2.329 Thread 0x0000026cda452180 1966       3       java.util.HashMap$EntryIterator::<init> (6 bytes)
Event: 2.329 Thread 0x0000026cda452180 nmethod 1966 0x0000026cc328c490 code [0x0000026cc328c640, 0x0000026cc328c778]
Event: 2.337 Thread 0x0000026cda4512d0 nmethod 1963 0x0000026ccaa6b790 code [0x0000026ccaa6b9e0, 0x0000026ccaa6cb80]
Event: 2.481 Thread 0x0000026cda452180 1981       3       java.util.ImmutableCollections$List12::size (16 bytes)
Event: 2.481 Thread 0x0000026cda452180 nmethod 1981 0x0000026cc328c810 code [0x0000026cc328c9c0, 0x0000026cc328cb58]
Event: 2.481 Thread 0x0000026cda452180 1983       3       java.lang.invoke.InvokerBytecodeGenerator::emitReferenceCast (188 bytes)
Event: 2.481 Thread 0x0000026cda452180 nmethod 1983 0x0000026cc328cc10 code [0x0000026cc328cee0, 0x0000026cc328db60]
Event: 2.482 Thread 0x0000026cda452180 1984       3       jdk.internal.org.objectweb.asm.Frame::getInputStackSize (6 bytes)
Event: 2.482 Thread 0x0000026cda452180 nmethod 1984 0x0000026cc328de90 code [0x0000026cc328e020, 0x0000026cc328e138]
Event: 2.483 Thread 0x0000026cda452180 1987       3       java.lang.reflect.Constructor::newInstanceWithCaller (51 bytes)
Event: 2.483 Thread 0x0000026cda452180 nmethod 1987 0x0000026cc328e210 code [0x0000026cc328e3e0, 0x0000026cc328e6c0]
Event: 2.483 Thread 0x0000026cda452180 1988   !   3       jdk.internal.reflect.DirectConstructorHandleAccessor::newInstance (130 bytes)

GC Heap History (4 events):
Event: 0.656 GC heap before
{Heap before GC invocations=0 (full 0):
 garbage-first heap   total 262144K, used 22528K [0x00000006c1000000, 0x00000007c0000000)
  region size 2048K, 11 young (22528K), 0 survivors (0K)
 Metaspace       used 12898K, committed 13120K, reserved 1114112K
  class space    used 1155K, committed 1280K, reserved 1048576K
}
Event: 0.659 GC heap after
{Heap after GC invocations=1 (full 0):
 garbage-first heap   total 262144K, used 2730K [0x00000006c1000000, 0x00000007c0000000)
  region size 2048K, 2 young (4096K), 2 survivors (4096K)
 Metaspace       used 12898K, committed 13120K, reserved 1114112K
  class space    used 1155K, committed 1280K, reserved 1048576K
}
Event: 1.885 GC heap before
{Heap before GC invocations=1 (full 0):
 garbage-first heap   total 262144K, used 139946K [0x00000006c1000000, 0x00000007c0000000)
  region size 2048K, 14 young (28672K), 2 survivors (4096K)
 Metaspace       used 16293K, committed 16512K, reserved 1114112K
  class space    used 1489K, committed 1600K, reserved 1048576K
}
Event: 1.889 GC heap after
{Heap after GC invocations=2 (full 0):
 garbage-first heap   total 262144K, used 9164K [0x00000006c1000000, 0x00000007c0000000)
  region size 2048K, 2 young (4096K), 2 survivors (4096K)
 Metaspace       used 16293K, committed 16512K, reserved 1114112K
  class space    used 1489K, committed 1600K, reserved 1048576K
}

Dll operation events (11 events):
Event: 0.007 Loaded shared library C:\Program Files\Java\jdk-21\bin\java.dll
Event: 0.049 Loaded shared library C:\Program Files\Java\jdk-21\bin\jsvml.dll
Event: 0.123 Loaded shared library C:\Program Files\Java\jdk-21\bin\net.dll
Event: 0.125 Loaded shared library C:\Program Files\Java\jdk-21\bin\nio.dll
Event: 0.168 Loaded shared library C:\Program Files\Java\jdk-21\bin\zip.dll
Event: 0.388 Loaded shared library C:\Program Files\Java\jdk-21\bin\zip.dll
Event: 0.390 Loaded shared library C:\Program Files\Java\jdk-21\bin\instrument.dll
Event: 0.410 Loaded shared library C:\Program Files\Java\jdk-21\bin\verify.dll
Event: 0.431 Loaded shared library C:\Program Files\Java\jdk-21\bin\jimage.dll
Event: 0.451 Loaded shared library C:\Program Files\Java\jdk-21\bin\extnet.dll
Event: 0.894 Loaded shared library C:\Users\achernomyrdin\AppData\Local\Temp\JOCL_2_0_5-windows-x86_64.dll

Deoptimization events (20 events):
Event: 2.216 Thread 0x0000026cb918a570 DEOPT PACKING pc=0x0000026cc3286b42 sp=0x0000007f4a6fe240
Event: 2.216 Thread 0x0000026cb918a570 DEOPT UNPACKING pc=0x0000026cca434e42 sp=0x0000007f4a6fd798 mode 0
Event: 2.229 Thread 0x0000026cb918a570 Uncommon trap: trap_request=0xffffff45 fr.pc=0x0000026ccaa66c94 relative=0x0000000000000854
Event: 2.229 Thread 0x0000026cb918a570 Uncommon trap: reason=unstable_if action=reinterpret pc=0x0000026ccaa66c94 method=chav1961.bt.openclmatrix.internal.TemporaryBufferImpl.write([JII)I @ 214 c2
Event: 2.229 Thread 0x0000026cb918a570 DEOPT PACKING pc=0x0000026ccaa66c94 sp=0x0000007f4a6fe2b0
Event: 2.229 Thread 0x0000026cb918a570 DEOPT UNPACKING pc=0x0000026cca4346a2 sp=0x0000007f4a6fe2a8 mode 2
Event: 2.255 Thread 0x0000026ce0460840 DEOPT PACKING pc=0x0000026cc3289942 sp=0x0000007f4e3ff010
Event: 2.255 Thread 0x0000026ce0460840 DEOPT UNPACKING pc=0x0000026cca434e42 sp=0x0000007f4e3fe568 mode 0
Event: 2.267 Thread 0x0000026ce0460840 Uncommon trap: trap_request=0xffffff45 fr.pc=0x0000026ccaa679e8 relative=0x0000000000000728
Event: 2.267 Thread 0x0000026ce0460840 Uncommon trap: reason=unstable_if action=reinterpret pc=0x0000026ccaa679e8 method=chav1961.bt.openclmatrix.internal.TemporaryBufferImpl.read([JII)I @ 214 c2
Event: 2.267 Thread 0x0000026ce0460840 DEOPT PACKING pc=0x0000026ccaa679e8 sp=0x0000007f4e3ff090
Event: 2.267 Thread 0x0000026ce0460840 DEOPT UNPACKING pc=0x0000026cca4346a2 sp=0x0000007f4e3ff078 mode 2
Event: 2.286 Thread 0x0000026ce0460840 DEOPT PACKING pc=0x0000026cc32881c8 sp=0x0000007f4e6ff080
Event: 2.286 Thread 0x0000026ce0460840 DEOPT UNPACKING pc=0x0000026cca434e42 sp=0x0000007f4e6fe598 mode 0
Event: 2.318 Thread 0x0000026cb918a570 DEOPT PACKING pc=0x0000026cc328afe0 sp=0x0000007f4a6fe280
Event: 2.318 Thread 0x0000026cb918a570 DEOPT UNPACKING pc=0x0000026cca434e42 sp=0x0000007f4a6fd798 mode 0
Event: 2.360 Thread 0x0000026cb918a570 Uncommon trap: trap_request=0xffffffc6 fr.pc=0x0000026cca9d606c relative=0x000000000000030c
Event: 2.360 Thread 0x0000026cb918a570 Uncommon trap: reason=bimorphic_or_optimized_type_check action=maybe_recompile pc=0x0000026cca9d606c method=java.util.HashMap.getNode(Ljava/lang/Object;)Ljava/util/HashMap$Node; @ 128 c2
Event: 2.360 Thread 0x0000026cb918a570 DEOPT PACKING pc=0x0000026cca9d606c sp=0x0000007f4a6fe450
Event: 2.360 Thread 0x0000026cb918a570 DEOPT UNPACKING pc=0x0000026cca4346a2 sp=0x0000007f4a6fe3b8 mode 2

Classes loaded (20 events):
Event: 1.213 Loading class java/lang/invoke/BoundMethodHandle$Species_LI
Event: 1.213 Loading class java/lang/invoke/BoundMethodHandle$Species_LI done
Event: 1.213 Loading class java/lang/invoke/ClassSpecializer$Factory$1Var
Event: 1.214 Loading class java/lang/invoke/ClassSpecializer$Factory$1Var done
Event: 1.219 Loading class java/lang/invoke/BoundMethodHandle$Species_LLLLLL
Event: 1.219 Loading class java/lang/invoke/BoundMethodHandle$Species_LLLLLL done
Event: 1.220 Loading class java/lang/invoke/BoundMethodHandle$Species_LLLLLLL
Event: 1.220 Loading class java/lang/invoke/BoundMethodHandle$Species_LLLLLLL done
Event: 1.230 Loading class jdk/internal/foreign/MemorySessionImpl
Event: 1.230 Loading class java/lang/foreign/MemorySegment$Scope
Event: 1.230 Loading class java/lang/foreign/MemorySegment$Scope done
Event: 1.230 Loading class jdk/internal/foreign/MemorySessionImpl done
Event: 1.388 Loading class java/lang/reflect/InaccessibleObjectException
Event: 1.388 Loading class java/lang/reflect/InaccessibleObjectException done
Event: 1.579 Loading class java/nio/HeapIntBuffer
Event: 1.579 Loading class java/nio/HeapIntBuffer done
Event: 1.880 Loading class java/nio/HeapFloatBuffer
Event: 1.880 Loading class java/nio/HeapFloatBuffer done
Event: 2.481 Loading class java/lang/invoke/BoundMethodHandle$Species_LJ
Event: 2.481 Loading class java/lang/invoke/BoundMethodHandle$Species_LJ done

Classes unloaded (0 events):
No events

Classes redefined (0 events):
No events

Internal exceptions (20 events):
Event: 0.885 Thread 0x0000026cb918a570 Exception <a 'sun/nio/fs/WindowsException'{0x00000006cfed13c0}> (0x00000006cfed13c0) 
thrown [s\open\src\hotspot\share\prims\jni.cpp, line 520]
Event: 1.036 Thread 0x0000026cb918a570 Exception <a 'sun/nio/fs/WindowsException'{0x00000006cfc830a8}> (0x00000006cfc830a8) 
thrown [s\open\src\hotspot\share\prims\jni.cpp, line 520]
Event: 1.102 Thread 0x0000026cb918a570 Exception <a 'sun/nio/fs/WindowsException'{0x00000006cfc96c40}> (0x00000006cfc96c40) 
thrown [s\open\src\hotspot\share\prims\jni.cpp, line 520]
Event: 1.104 Thread 0x0000026cb918a570 Exception <a 'sun/nio/fs/WindowsException'{0x00000006cfcb3128}> (0x00000006cfcb3128) 
thrown [s\open\src\hotspot\share\prims\jni.cpp, line 520]
Event: 1.105 Thread 0x0000026cb918a570 Exception <a 'sun/nio/fs/WindowsException'{0x00000006cfcb7dc0}> (0x00000006cfcb7dc0) 
thrown [s\open\src\hotspot\share\prims\jni.cpp, line 520]
Event: 1.105 Thread 0x0000026cb918a570 Exception <a 'sun/nio/fs/WindowsException'{0x00000006cfcbe520}> (0x00000006cfcbe520) 
thrown [s\open\src\hotspot\share\prims\jni.cpp, line 520]
Event: 1.107 Thread 0x0000026cb918a570 Exception <a 'sun/nio/fs/WindowsException'{0x00000006cfccc7a0}> (0x00000006cfccc7a0) 
thrown [s\open\src\hotspot\share\prims\jni.cpp, line 520]
Event: 1.108 Thread 0x0000026cb918a570 Exception <a 'sun/nio/fs/WindowsException'{0x00000006cfceeda8}> (0x00000006cfceeda8) 
thrown [s\open\src\hotspot\share\prims\jni.cpp, line 520]
Event: 1.109 Thread 0x0000026cb918a570 Exception <a 'sun/nio/fs/WindowsException'{0x00000006cfcf7ce0}> (0x00000006cfcf7ce0) 
thrown [s\open\src\hotspot\share\prims\jni.cpp, line 520]
Event: 1.109 Thread 0x0000026cb918a570 Exception <a 'sun/nio/fs/WindowsException'{0x00000006cfcfc118}> (0x00000006cfcfc118) 
thrown [s\open\src\hotspot\share\prims\jni.cpp, line 520]
Event: 1.127 Thread 0x0000026cb918a570 Exception <a 'sun/nio/fs/WindowsException'{0x00000006cfdf38b0}> (0x00000006cfdf38b0) 
thrown [s\open\src\hotspot\share\prims\jni.cpp, line 520]
Event: 1.188 Thread 0x0000026cb918a570 Exception <a 'sun/nio/fs/WindowsException'{0x00000006cfa28e78}> (0x00000006cfa28e78) 
thrown [s\open\src\hotspot\share\prims\jni.cpp, line 520]
Event: 1.190 Thread 0x0000026cb918a570 Exception <a 'sun/nio/fs/WindowsException'{0x00000006cfa44648}> (0x00000006cfa44648) 
thrown [s\open\src\hotspot\share\prims\jni.cpp, line 520]
Event: 1.193 Thread 0x0000026cb918a570 Exception <a 'java/lang/NoSuchMethodError'{0x00000006cfadfd00}: 'java.lang.Object java.lang.invoke.DirectMethodHandle$Holder.invokeStaticInit(java.lang.Object, int, int, int, int)'> (0x00000006cfadfd00) 
thrown [s\open\src\hotspot\share\interpreter\linkResolver.cpp, line 773]
Event: 1.203 Thread 0x0000026cb918a570 Exception <a 'java/lang/NoSuchMethodError'{0x00000006cfb360c0}: 'java.lang.Object java.lang.invoke.DirectMethodHandle$Holder.invokeStaticInit(java.lang.Object, java.lang.Object, int, int, int, int)'> (0x00000006cfb360c0) 
thrown [s\open\src\hotspot\share\interpreter\linkResolver.cpp, line 773]
Event: 1.207 Thread 0x0000026cb918a570 Exception <a 'sun/nio/fs/WindowsException'{0x00000006cfb41c40}> (0x00000006cfb41c40) 
thrown [s\open\src\hotspot\share\prims\jni.cpp, line 520]
Event: 1.213 Thread 0x0000026cb918a570 Exception <a 'java/lang/NoSuchMethodError'{0x00000006cfb98588}: 'int java.lang.invoke.DirectMethodHandle$Holder.invokeSpecial(java.lang.Object, java.lang.Object, java.lang.Object, int)'> (0x00000006cfb98588) 
thrown [s\open\src\hotspot\share\interpreter\linkResolver.cpp, line 773]
Event: 1.215 Thread 0x0000026cb918a570 Exception <a 'java/lang/NoSuchMethodError'{0x00000006cfbad0d0}: 'java.lang.Object java.lang.invoke.DirectMethodHandle$Holder.invokeStatic(java.lang.Object, java.lang.Object, java.lang.Object, java.lang.Object, int)'> (0x00000006cfbad0d0) 
thrown [s\open\src\hotspot\share\interpreter\linkResolver.cpp, line 773]
Event: 1.216 Thread 0x0000026cb918a570 Exception <a 'java/lang/NoSuchMethodError'{0x00000006cfbb4d60}: 'long java.lang.invoke.DirectMethodHandle$Holder.invokeStatic(java.lang.Object, java.lang.Object, int)'> (0x00000006cfbb4d60) 
thrown [s\open\src\hotspot\share\interpreter\linkResolver.cpp, line 773]
Event: 1.217 Thread 0x0000026cb918a570 Exception <a 'java/lang/NoSuchMethodError'{0x00000006cfbbff08}: 'java.lang.Object java.lang.invoke.DelegatingMethodHandle$Holder.reinvoke_L(java.lang.Object, int, long, java.lang.Object, java.lang.Object, int, java.lang.Object)'> (0x00000006cfbbff08) 
thrown [s\open\src\hotspot\share\interpreter\linkResolver.cpp, line 773]

ZGC Phase Switch (0 events):
No events

VM Operations (20 events):
Event: 0.477 Executing VM operation: HandshakeAllThreads (Deoptimize)
Event: 0.477 Executing VM operation: HandshakeAllThreads (Deoptimize) done
Event: 0.573 Executing VM operation: ICBufferFull
Event: 0.574 Executing VM operation: ICBufferFull done
Event: 0.619 Executing VM operation: HandshakeAllThreads (Deoptimize)
Event: 0.619 Executing VM operation: HandshakeAllThreads (Deoptimize) done
Event: 0.656 Executing VM operation: G1CollectForAllocation (G1 Evacuation Pause)
Event: 0.659 Executing VM operation: G1CollectForAllocation (G1 Evacuation Pause) done
Event: 0.725 Executing VM operation: HandshakeAllThreads (Deoptimize)
Event: 0.725 Executing VM operation: HandshakeAllThreads (Deoptimize) done
Event: 0.725 Executing VM operation: HandshakeAllThreads (Deoptimize)
Event: 0.725 Executing VM operation: HandshakeAllThreads (Deoptimize) done
Event: 0.874 Executing VM operation: ICBufferFull
Event: 0.875 Executing VM operation: ICBufferFull done
Event: 0.879 Executing VM operation: HandshakeAllThreads (Deoptimize)
Event: 0.879 Executing VM operation: HandshakeAllThreads (Deoptimize) done
Event: 1.879 Executing VM operation: Cleanup
Event: 1.879 Executing VM operation: Cleanup done
Event: 1.885 Executing VM operation: G1TryInitiateConcMark (G1 Humongous Allocation)
Event: 1.889 Executing VM operation: G1TryInitiateConcMark (G1 Humongous Allocation) done

Events (20 events):
Event: 1.865 Thread 0x0000026cda78a340 Thread exited: 0x0000026cda78a340
Event: 1.869 Thread 0x0000026cda78a340 Thread added: 0x0000026cda78a340
Event: 1.883 Thread 0x0000026cda78a340 Thread exited: 0x0000026cda78a340
Event: 1.885 Thread 0x0000026cda78a340 Thread added: 0x0000026cda78a340
Event: 1.905 Thread 0x0000026cda78a340 Thread exited: 0x0000026cda78a340
Event: 1.933 Thread 0x0000026cda78a340 Thread added: 0x0000026cda78a340
Event: 1.963 Thread 0x0000026cda78a340 Thread exited: 0x0000026cda78a340
Event: 1.963 Thread 0x0000026cda78a340 Thread added: 0x0000026cda78a340
Event: 1.979 Thread 0x0000026cda78a340 Thread exited: 0x0000026cda78a340
Event: 2.150 Thread 0x0000026ce0460840 Thread added: 0x0000026ce0460840
Event: 2.168 Thread 0x0000026ce0460840 Thread exited: 0x0000026ce0460840
Event: 2.171 Thread 0x0000026ce0460840 Thread added: 0x0000026ce0460840
Event: 2.178 Thread 0x0000026cea6df620 Thread added: 0x0000026cea6df620
Event: 2.186 Thread 0x0000026ce0460840 Thread exited: 0x0000026ce0460840
Event: 2.229 Thread 0x0000026ce0460840 Thread added: 0x0000026ce0460840
Event: 2.270 Thread 0x0000026ce0460840 Thread exited: 0x0000026ce0460840
Event: 2.270 Thread 0x0000026ce0460840 Thread added: 0x0000026ce0460840
Event: 2.300 Thread 0x0000026ce0460840 Thread exited: 0x0000026ce0460840
Event: 2.481 Thread 0x0000026cea6df620 Thread exited: 0x0000026cea6df620
Event: 2.483 Thread 0x0000026ceb11a540 Thread added: 0x0000026ceb11a540


Dynamic libraries:
0x00007ff697a50000 - 0x00007ff697a60000 	C:\Program Files\Java\jdk-21\bin\javaw.exe
0x00007ffa3dc20000 - 0x00007ffa3de10000 	C:\Windows\SYSTEM32\ntdll.dll
0x00007ffa3cb80000 - 0x00007ffa3cc33000 	C:\Windows\System32\KERNEL32.DLL
0x00007ffa3b4c0000 - 0x00007ffa3b765000 	C:\Windows\System32\KERNELBASE.dll
0x00007ffa3bb20000 - 0x00007ffa3bc1a000 	C:\Windows\System32\ucrtbase.dll
0x00007ffa2f680000 - 0x00007ffa2f699000 	C:\Program Files\Java\jdk-21\bin\jli.dll
0x00007ffa2f300000 - 0x00007ffa2f31b000 	C:\Program Files\Java\jdk-21\bin\VCRUNTIME140.dll
0x00007ffa3c8b0000 - 0x00007ffa3c955000 	C:\Windows\System32\ADVAPI32.dll
0x00007ffa3cc50000 - 0x00007ffa3ccee000 	C:\Windows\System32\msvcrt.dll
0x00007ffa3bcc0000 - 0x00007ffa3bd58000 	C:\Windows\System32\sechost.dll
0x00007ffa3d620000 - 0x00007ffa3d73b000 	C:\Windows\System32\RPCRT4.dll
0x00007ffa3c960000 - 0x00007ffa3caf4000 	C:\Windows\System32\USER32.dll
0x00007ffa3b9f0000 - 0x00007ffa3ba11000 	C:\Windows\System32\win32u.dll
0x00007ffa3d7b0000 - 0x00007ffa3d7d6000 	C:\Windows\System32\GDI32.dll
0x00007ffa21e00000 - 0x00007ffa22084000 	C:\Windows\WinSxS\amd64_microsoft.windows.common-controls_6595b64144ccf1df_6.0.18362.2094_none_9e826881e45a6f81\COMCTL32.dll
0x00007ffa3b800000 - 0x00007ffa3b998000 	C:\Windows\System32\gdi32full.dll
0x00007ffa3bd60000 - 0x00007ffa3c096000 	C:\Windows\System32\combase.dll
0x00007ffa3bc20000 - 0x00007ffa3bcbe000 	C:\Windows\System32\msvcp_win.dll
0x00007ffa3b770000 - 0x00007ffa3b7f4000 	C:\Windows\System32\bcryptPrimitives.dll
0x00007ffa32d50000 - 0x00007ffa32d5a000 	C:\Windows\SYSTEM32\VERSION.dll
0x00007ffa3cef0000 - 0x00007ffa3cf1e000 	C:\Windows\System32\IMM32.DLL
0x00007ffa2f2f0000 - 0x00007ffa2f2fc000 	C:\Program Files\Java\jdk-21\bin\vcruntime140_1.dll
0x00007ffa2eb80000 - 0x00007ffa2ec0e000 	C:\Program Files\Java\jdk-21\bin\msvcp140.dll
0x00007ff9cccd0000 - 0x00007ff9cd9e7000 	C:\Program Files\Java\jdk-21\bin\server\jvm.dll
0x00007ffa3aae0000 - 0x00007ffa3ab2a000 	C:\Windows\System32\POWRPROF.dll
0x00007ffa3aad0000 - 0x00007ffa3aae0000 	C:\Windows\System32\UMPDC.dll
0x00007ffa3cd50000 - 0x00007ffa3cdbf000 	C:\Windows\System32\WS2_32.dll
0x00007ffa38b50000 - 0x00007ffa38b74000 	C:\Windows\SYSTEM32\WINMM.dll
0x00007ffa38b20000 - 0x00007ffa38b4d000 	C:\Windows\SYSTEM32\WINMMBASE.dll
0x00007ffa3ba20000 - 0x00007ffa3ba6a000 	C:\Windows\System32\cfgmgr32.dll
0x00007ffa3ab50000 - 0x00007ffa3ab61000 	C:\Windows\System32\kernel.appcore.dll
0x00007ffa2f2e0000 - 0x00007ffa2f2ea000 	C:\Program Files\Java\jdk-21\bin\jimage.dll
0x00007ffa2a340000 - 0x00007ffa2a534000 	C:\Windows\SYSTEM32\DBGHELP.DLL
0x00007ffa1c760000 - 0x00007ffa1c78a000 	C:\Windows\SYSTEM32\dbgcore.DLL
0x00007ffa2f2d0000 - 0x00007ffa2f2df000 	C:\Program Files\Java\jdk-21\bin\instrument.dll
0x00007ffa2f1b0000 - 0x00007ffa2f1cf000 	C:\Program Files\Java\jdk-21\bin\java.dll
0x00007ffa3cf20000 - 0x00007ffa3d607000 	C:\Windows\System32\SHELL32.dll
0x00007ffa3dac0000 - 0x00007ffa3db69000 	C:\Windows\System32\shcore.dll
0x00007ffa3ab90000 - 0x00007ffa3b30c000 	C:\Windows\System32\windows.storage.dll
0x00007ffa3ab70000 - 0x00007ffa3ab8e000 	C:\Windows\System32\profapi.dll
0x00007ffa3db80000 - 0x00007ffa3dbd2000 	C:\Windows\System32\shlwapi.dll
0x00007ffa3b9d0000 - 0x00007ffa3b9e7000 	C:\Windows\System32\cryptsp.dll
0x00007ffa2eaa0000 - 0x00007ffa2eb77000 	C:\Program Files\Java\jdk-21\bin\jsvml.dll
0x00007ffa2ed40000 - 0x00007ffa2ed50000 	C:\Program Files\Java\jdk-21\bin\net.dll
0x00007ffa34410000 - 0x00007ffa34509000 	C:\Windows\SYSTEM32\WINHTTP.dll
0x00007ffa3a260000 - 0x00007ffa3a2c7000 	C:\Windows\system32\mswsock.dll
0x00007ffa2ed20000 - 0x00007ffa2ed36000 	C:\Program Files\Java\jdk-21\bin\nio.dll
0x00007ffa2ed00000 - 0x00007ffa2ed18000 	C:\Program Files\Java\jdk-21\bin\zip.dll
0x00007ffa2ece0000 - 0x00007ffa2ecf0000 	C:\Program Files\Java\jdk-21\bin\verify.dll
0x00007ffa13c90000 - 0x00007ffa13ca6000 	C:\Windows\system32\napinsp.dll
0x00007ffa13c70000 - 0x00007ffa13c8a000 	C:\Windows\system32\pnrpnsp.dll
0x00007ffa39fc0000 - 0x00007ffa3a08a000 	C:\Windows\SYSTEM32\DNSAPI.dll
0x00007ffa3db70000 - 0x00007ffa3db78000 	C:\Windows\System32\NSI.dll
0x00007ffa39f80000 - 0x00007ffa39fba000 	C:\Windows\SYSTEM32\IPHLPAPI.DLL
0x00007ffa13c60000 - 0x00007ffa13c6e000 	C:\Windows\System32\winrnr.dll
0x00007ffa37240000 - 0x00007ffa3725c000 	C:\Windows\system32\NLAapi.dll
0x00007ffa13c40000 - 0x00007ffa13c55000 	C:\Windows\system32\wshbth.dll
0x00007ffa347d0000 - 0x00007ffa347da000 	C:\Windows\System32\rasadhlp.dll
0x00007ffa36be0000 - 0x00007ffa36c57000 	C:\Windows\System32\fwpuclnt.dll
0x00007ffa3b9a0000 - 0x00007ffa3b9c6000 	C:\Windows\System32\bcrypt.dll
0x00007ffa2ecd0000 - 0x00007ffa2ecd9000 	C:\Program Files\Java\jdk-21\bin\extnet.dll
0x00007ffa2ea60000 - 0x00007ffa2eaa0000 	C:\Users\achernomyrdin\AppData\Local\Temp\JOCL_2_0_5-windows-x86_64.dll
0x00007ffa2e9e0000 - 0x00007ffa2ea56000 	C:\Windows\SYSTEM32\OpenCL.dll
0x00007ffa3c6d0000 - 0x00007ffa3c827000 	C:\Windows\System32\ole32.dll
0x00007ffa39770000 - 0x00007ffa39790000 	C:\Windows\SYSTEM32\dxcore.dll
0x00007ff9cb870000 - 0x00007ff9cc340000 	C:\Windows\System32\DriverStore\FileRepository\nv_dispi.inf_amd64_34f9511bafd21ff9\nvopencl64.dll
0x00007ffa3ab30000 - 0x00007ffa3ab42000 	C:\Windows\System32\msasn1.dll
0x00007ffa32760000 - 0x00007ffa3278f000 	C:\Windows\SYSTEM32\cryptnet.dll
0x00007ffa3b310000 - 0x00007ffa3b45a000 	C:\Windows\System32\CRYPT32.dll
0x00007ffa3a440000 - 0x00007ffa3a44c000 	C:\Windows\SYSTEM32\cryptbase.dll
0x00007ffa3a4d0000 - 0x00007ffa3a4f9000 	C:\Windows\SYSTEM32\wldp.dll
0x00007ffa3b460000 - 0x00007ffa3b4bc000 	C:\Windows\System32\WINTRUST.dll
0x00007ffa33950000 - 0x00007ffa33a8e000 	C:\Windows\SYSTEM32\drvstore.dll
0x00007ffa3a8e0000 - 0x00007ffa3a90a000 	C:\Windows\SYSTEM32\devobj.dll
0x00007ffa22f90000 - 0x00007ffa23683000 	C:\Windows\SYSTEM32\nvapi64.dll
0x00007ffa3c0a0000 - 0x00007ffa3c511000 	C:\Windows\System32\SETUPAPI.dll
0x00007ffa3d8b0000 - 0x00007ffa3d975000 	C:\Windows\System32\OLEAUT32.dll
0x00007ffa2e940000 - 0x00007ffa2e9d4000 	C:\Windows\System32\DriverStore\FileRepository\nv_dispi.inf_amd64_34f9511bafd21ff9\nvdxgdmal64.dll
0x00007ffa2e8d0000 - 0x00007ffa2e937000 	C:\Windows\SYSTEM32\IntelOpenCL64.dll
0x00007ff9f2ef0000 - 0x00007ff9f30b2000 	C:\Program Files (x86)\Common Files\Intel\OpenCL\bin\x64\intelocl64.dll
0x00007ffa24fe0000 - 0x00007ffa2507d000 	C:\Program Files (x86)\Common Files\Intel\OpenCL\bin\x64\task_executor64.dll
0x00007ff9d0160000 - 0x00007ff9d02b6000 	C:\Windows\SYSTEM32\OPENGL32.dll
0x00007ffa2e0d0000 - 0x00007ffa2e0fc000 	C:\Windows\SYSTEM32\GLU32.dll
0x00007ffa23b70000 - 0x00007ffa23c48000 	C:\Program Files (x86)\Common Files\Intel\OpenCL\bin\x64\cpu_device64.dll
0x00007ffa23b00000 - 0x00007ffa23b6c000 	C:\Program Files (x86)\Common Files\Intel\OpenCL\bin\x64\tbb\tbb.dll
0x00007ffa15e60000 - 0x00007ffa15ebe000 	C:\Program Files (x86)\Common Files\Intel\OpenCL\bin\x64\tbb\tbbmalloc.dll
0x00007ff9caf30000 - 0x00007ff9cb869000 	C:\Program Files (x86)\Common Files\Intel\OpenCL\bin\x64\OclCpuBackEnd64.dll
0x00007ff9cea60000 - 0x00007ff9cefbe000 	C:\Program Files (x86)\Common Files\Intel\OpenCL\bin\x64\__ocl_svml_l9.dll
0x00007ffa39df0000 - 0x00007ffa39e23000 	C:\Windows\system32\rsaenh.dll
0x00007ffa3a9c0000 - 0x00007ffa3a9e5000 	C:\Windows\SYSTEM32\USERENV.dll

dbghelp: loaded successfully - version: 4.0.5 - missing functions: none
symbol engine: initialized successfully - sym options: 0x614 - pdb path: .;C:\Program Files\Java\jdk-21\bin;C:\Windows\SYSTEM32;C:\Windows\WinSxS\amd64_microsoft.windows.common-controls_6595b64144ccf1df_6.0.18362.2094_none_9e826881e45a6f81;C:\Program Files\Java\jdk-21\bin\server;C:\Users\achernomyrdin\AppData\Local\Temp;C:\Windows\System32\DriverStore\FileRepository\nv_dispi.inf_amd64_34f9511bafd21ff9;C:\Program Files (x86)\Common Files\Intel\OpenCL\bin\x64;C:\Program Files (x86)\Common Files\Intel\OpenCL\bin\x64\tbb

VM Arguments:
jvm_args: -javaagent:C:\eclipse\eclipse\configuration\org.eclipse.osgi\960\0\.cp\jacocoagent.jar=includes=*,excludes=,exclclassloader=sun.reflect.DelegatingClassLoader,output=tcpclient,port=57299 -ea --add-opens=chav1961.bt.openclmatrix/chav1961.bt.matrix.internal=ALL-UNNAMED --add-modules=ALL-MODULE-PATH -Dfile.encoding=UTF-8 -Dstdout.encoding=UTF-8 -Dstderr.encoding=UTF-8 --module-path=C:\Users\achernomyrdin\ws\bt\bt.matrix\target\classes;C:\Users\achernomyrdin\.m2\repository\org\jocl\jocl\2.0.5\jocl-2.0.5.jar;C:\Users\achernomyrdin\ws\purelib\target\classes -XX:+ShowCodeDetailsInExceptionMessages --patch-module=chav1961.bt.openclmatrix=C:\Users\achernomyrdin\ws\bt\bt.matrix\target\test-classes --add-reads=chav1961.bt.openclmatrix=ALL-UNNAMED --add-reads=chav1961.purelib=ALL-UNNAMED 
java_command: org.eclipse.jdt.internal.junit.runner.RemoteTestRunner -version 3 -port 57300 -testLoaderClass org.eclipse.jdt.internal.junit4.runner.JUnit4TestLoader -loaderpluginname org.eclipse.jdt.junit4.runtime -classNames chav1961.bt.matrix.internal.AllTests
java_class_path (initial): C:\Users\achernomyrdin\.m2\repository\org\yaml\snakeyaml\2.2\snakeyaml-2.2.jar;C:\Users\achernomyrdin\.p2\pool\plugins\junit-jupiter-api_5.10.2.jar;C:\Users\achernomyrdin\.p2\pool\plugins\junit-jupiter-engine_5.10.2.jar;C:\Users\achernomyrdin\.p2\pool\plugins\junit-jupiter-migrationsupport_5.10.2.jar;C:\Users\achernomyrdin\.p2\pool\plugins\junit-jupiter-params_5.10.2.jar;C:\Users\achernomyrdin\.p2\pool\plugins\junit-platform-commons_1.10.2.jar;C:\Users\achernomyrdin\.p2\pool\plugins\junit-platform-engine_1.10.2.jar;C:\Users\achernomyrdin\.p2\pool\plugins\junit-platform-launcher_1.10.2.jar;C:\Users\achernomyrdin\.p2\pool\plugins\junit-platform-runner_1.10.2.jar;C:\Users\achernomyrdin\.p2\pool\plugins\junit-platform-suite-api_1.10.2.jar;C:\Users\achernomyrdin\.p2\pool\plugins\junit-platform-suite-engine_1.10.2.jar;C:\Users\achernomyrdin\.p2\pool\plugins\junit-platform-suite-commons_1.10.2.jar;C:\Users\achernomyrdin\.p2\pool\plugins\junit-vintage-engine_5.10.2.jar;C:\Users\achernomyrdin\.p2\pool\plugins\org.opentest4j_1.3.0.jar;C:\Users\achernomyrdin\.p2\pool\plugins\org.apiguardian.api_1.1.2.jar;C:\Users\achernomyrdin\.p2\pool\plugins\org.junit_4.13.2.v20230809-1000.jar;C:\Users\achernomyrdin\.p2\pool\plugins\org.hamcrest_2.2.0.jar;C:\Users\achernomyrdin\.p2\pool\plugins\org.hamcrest.core_2.2.0.v20230809-1000.jar;C:\Users\achernomyrdin\.m2\repository\junit\junit\4.13.1\junit-4.13.1.jar;C:\Users\achernomyrdin\.m2\repository\org\hamcrest\hamcrest-core\1.3\hamcrest-core-1.3.jar;C:\eclipse\eclipse\configuration\org.eclipse.osgi\446\0\.cp;C:\eclipse\eclipse\configuration\org.eclipse.osgi\445\0\.cp
Launcher Type: SUN_STANDARD

[Global flags]
     intx CICompilerCount                          = 4                                         {product} {ergonomic}
     uint ConcGCThreads                            = 2                                         {product} {ergonomic}
     uint G1ConcRefinementThreads                  = 8                                         {product} {ergonomic}
   size_t G1HeapRegionSize                         = 2097152                                   {product} {ergonomic}
    uintx GCDrainStackTargetSize                   = 64                                        {product} {ergonomic}
   size_t InitialHeapSize                          = 268435456                                 {product} {ergonomic}
   size_t MarkStackSize                            = 4194304                                   {product} {ergonomic}
   size_t MaxHeapSize                              = 4278190080                                {product} {ergonomic}
   size_t MaxNewSize                               = 2566914048                                {product} {ergonomic}
   size_t MinHeapDeltaBytes                        = 2097152                                   {product} {ergonomic}
   size_t MinHeapSize                              = 8388608                                   {product} {ergonomic}
    uintx NonNMethodCodeHeapSize                   = 5839372                                {pd product} {ergonomic}
    uintx NonProfiledCodeHeapSize                  = 122909434                              {pd product} {ergonomic}
    uintx ProfiledCodeHeapSize                     = 122909434                              {pd product} {ergonomic}
    uintx ReservedCodeCacheSize                    = 251658240                              {pd product} {ergonomic}
     bool SegmentedCodeCache                       = true                                      {product} {ergonomic}
     bool ShowCodeDetailsInExceptionMessages       = true                                   {manageable} {command line}
   size_t SoftMaxHeapSize                          = 4278190080                             {manageable} {ergonomic}
     bool UseCompressedOops                        = true                           {product lp64_product} {ergonomic}
     bool UseG1GC                                  = true                                      {product} {ergonomic}
     bool UseLargePagesIndividualAllocation        = false                                  {pd product} {ergonomic}

Logging:
Log output configuration:
 #0: stdout all=warning uptime,level,tags foldmultilines=false
 #1: stderr all=off uptime,level,tags foldmultilines=false

Environment Variables:
JAVA_HOME=C:\Program Files\Java\jdk1.8.0_271\
PATH=C:/Program Files/Java/jdk-22/bin/server;C:/Program Files/Java/jdk-22/bin;D:\CUDA_INSTALL\bin;D:\CUDA_INSTALL\libnvvp;C:\apache-maven-3.9.8\bin;C:\Program Files\Java\jdk-22\bin;C:\Program Files\PuTTYnew\;C:\Program Files\Common Files\Oracle\Java\javapath;C:\Program Files (x86)\Common Files\Oracle\Java\java8path;C:\Program Files (x86)\Common Files\Oracle\Java\javapath;C:\Program Files\dotnet;c:\tmp\distr\ora\bin;C:\app\achernomyrdin\product\11.2.0\dbhome_1\bin;C:\Program Files\Java\jdk1.8.0_271\bin;C:\Windows\system32;C:\Windows;C:\Windows\System32\Wbem;C:\Windows\System32\WindowsPowerShell\v1.0\;C:\Windows\System32\OpenSSH\;C:\Program Files\TortoiseSVN\bin;C:\Program Files\TortoiseGit\bin;C:\Program Files\Git\cmd;C:\Gradle\gradle-8.2.1\bin;C:\Program Files\Docker\Docker\resources\bin;C:\Users\achernomyrdin\AppData\Local\Programs\Python\Python313;C:\Users\achernomyrdin\AppData\Local\Programs\Python\Python313\Scripts;D:\Tesseract;D:\javafx-sdk-21.0.1\bin;C:\Program Files\dotnet\;C:\Program Files (x86)\NVIDIA Corporation\PhysX\Common;C:\Program Files\NVIDIA Corporation\Nsight Compute 2024.1.0\;C:\Program Files\NVIDIA Corporation\NVIDIA NvDLISR;C:\Users\achernomyrdin\AppData\Local\Microsoft\WindowsApps;C:\apache-ant-1.9.7\bin;C:\apache-maven-3.9.8;C:\Program Files\edb\as13\bin;C:\Program Files (x86)\Microsoft Visual Studio\2019\BuildTools\VC\Tools\MSVC\14.29.30037\bin\Hostx64\x64;C:\DjVuReader.2.0.0.26.rus;C:\Gradle\gradle-7.3.3\bin;C:\Users\achernomyrdin\AppData\Local\Programs\Microsoft VS Code\bin;C:\Users\achernomyrdin\.dotnet\tools;;C:\Users\achernomyrdin\Desktop;
USERNAME=achernomyrdin
OS=Windows_NT
PROCESSOR_IDENTIFIER=Intel64 Family 6 Model 60 Stepping 3, GenuineIntel
TMP=C:\Users\ACHERN~1\AppData\Local\Temp
TEMP=C:\Users\ACHERN~1\AppData\Local\Temp




Periodic native trim disabled

---------------  S Y S T E M  ---------------

OS:
 Windows 10 , 64 bit Build 18362 (10.0.18362.2037)
OS uptime: 7 days 22:59 hours
Hyper-V role detected

CPU: total 8 (initial active 8) (4 cores per cpu, 2 threads per core) family 6 model 60 stepping 3 microcode 0x28, cx8, cmov, fxsr, ht, mmx, sse, sse2, sse3, ssse3, sse4.1, sse4.2, popcnt, lzcnt, tsc, tscinvbit, avx, avx2, aes, erms, clmul, bmi1, bmi2, fma, vzeroupper, clflush, hv, rdtscp, f16c
Processor Information for all 8 processors :
  Max Mhz: 3401, Current Mhz: 3401, Mhz Limit: 3401

Memory: 4k page, system-wide physical 16316M (9053M free)
TotalPageFile size 24252M (AvailPageFile size 9661M)
current process WorkingSet (physical memory assigned to process): 339M, peak: 339M
current process commit charge ("private bytes"): 684M, peak: 684M

vm_info: Java HotSpot(TM) 64-Bit Server VM (21.0.2+13-LTS-58) for windows-amd64 JRE (21.0.2+13-LTS-58), built on 2024-01-05T18:32:24Z by "mach5one" with MS VC++ 17.1 (VS2022)

END.
